#
# There is insufficient memory for the Java Runtime Environment to continue.
# Native memory allocation (malloc) failed to allocate 2876976 bytes for Chunk::new
# Possible reasons:
#   The system is out of physical RAM or swap space
#   The process is running with CompressedOops enabled, and the Java Heap may be blocking the growth of the native heap
# Possible solutions:
#   Reduce memory load on the system
#   Increase physical memory or swap space
#   Check if swap backing store is full
#   Decrease Java heap size (-Xmx/-Xms)
#   Decrease number of Java threads
#   Decrease Java thread stack sizes (-Xss)
#   Set larger code cache with -XX:ReservedCodeCacheSize=
#   JVM is running with Unscaled Compressed Oops mode in which the Java heap is
#     placed in the first 4GB address space. The Java Heap base address is the
#     maximum limit for the native heap growth. Please use -XX:HeapBaseMinAddress
#     to set the Java Heap base and to place the Java Heap above 4GB virtual address.
# This output file may be truncated or incomplete.
#
#  Out of Memory Error (./src/hotspot/share/memory/arena.cpp:197), pid=16240, tid=13632
#
# JRE version: OpenJDK Runtime Environment (11.0.10) (build 11.0.10+0-b96-7249189)
# Java VM: OpenJDK 64-Bit Server VM (11.0.10+0-b96-7249189, mixed mode, tiered, compressed oops, g1 gc, windows-amd64)
# No core dump will be written. Minidumps are not enabled by default on client versions of Windows
#

---------------  S U M M A R Y ------------

Command Line: --add-opens=java.base/java.util=ALL-UNNAMED --add-opens=java.base/java.lang=ALL-UNNAMED --add-opens=java.base/java.lang.invoke=ALL-UNNAMED --add-opens=java.base/java.util=ALL-UNNAMED --add-opens=java.prefs/java.util.prefs=ALL-UNNAMED --add-opens=java.prefs/java.util.prefs=ALL-UNNAMED --add-opens=java.base/java.nio.charset=ALL-UNNAMED --add-opens=java.base/java.net=ALL-UNNAMED --add-opens=java.base/java.util.concurrent.atomic=ALL-UNNAMED -Xmx2048m -Dfile.encoding=UTF-8 -Duser.country=US -Duser.language=en -Duser.variant org.gradle.launcher.daemon.bootstrap.GradleDaemon 7.0.2

Host: Intel(R) Core(TM) i5-7200U CPU @ 2.50GHz, 4 cores, 3G,  Windows 10 , 64 bit Build 19041 (10.0.19041.1503)
Time: Mon Feb 28 00:49:08 2022 Pakistan Standard Time elapsed time: 1526.561253 seconds (0d 0h 25m 26s)

---------------  T H R E A D  ---------------

Current thread (0x000001eaff8ee000):  JavaThread "C2 CompilerThread0" daemon [_thread_in_native, id=13632, stack(0x000000b9e4f00000,0x000000b9e5000000)]


Current CompileTask:
C2:1526561 19144       4       org.gradle.internal.instantiation.generator.AbstractClassGenerator$PropertyMetadata::hasAnnotation (40 bytes)

Stack: [0x000000b9e4f00000,0x000000b9e5000000]
Native frames: (J=compiled Java code, j=interpreted, Vv=VM code, C=native code)
V  [jvm.dll+0x5ecfaa]
V  [jvm.dll+0x722bd5]
V  [jvm.dll+0x72412d]
V  [jvm.dll+0x7247e3]
V  [jvm.dll+0x242928]
V  [jvm.dll+0xbc4fc]
V  [jvm.dll+0xbca0c]
V  [jvm.dll+0x352d7d]
V  [jvm.dll+0x19800c]
V  [jvm.dll+0x1fb70e]
V  [jvm.dll+0x1fa7f4]
V  [jvm.dll+0x18354c]
V  [jvm.dll+0x208ee7]
V  [jvm.dll+0x207731]
V  [jvm.dll+0x6eb1cf]
V  [jvm.dll+0x6e3d45]
V  [jvm.dll+0x5ebe96]
C  [ucrtbase.dll+0x21bb2]
C  [KERNEL32.DLL+0x17034]
C  [ntdll.dll+0x52651]


---------------  P R O C E S S  ---------------

Threads class SMR info:
_java_thread_list=0x000001ea9640edc0, length=49, elements={
0x000001eaf453d800, 0x000001eaff887800, 0x000001eaff88a800, 0x000001eaff8e4800,
0x000001eaff8e6800, 0x000001eaff8eb000, 0x000001eaff8ee000, 0x000001eaff8fb000,
0x000001eaff900000, 0x000001eaffb6b800, 0x000001ea908dd800, 0x000001ea90efa800,
0x000001ea904df000, 0x000001ea90cf7000, 0x000001ea90cf8000, 0x000001ea90cf8800,
0x000001ea90cf9800, 0x000001ea90cf4000, 0x000001ea9198f800, 0x000001ea91992000,
0x000001ea91993000, 0x000001ea91993800, 0x000001ea91990800, 0x000001ea91995800,
0x000001ea9199c000, 0x000001ea91bfa800, 0x000001ea91bf2000, 0x000001ea91bf6000,
0x000001ea91bf3000, 0x000001ea91bf7000, 0x000001ea91bf3800, 0x000001ea91bf1800,
0x000001ea91bf4800, 0x000001ea91bf8800, 0x000001ea91bfb000, 0x000001ea91bf8000,
0x000001ea91bf5800, 0x000001ea91bfc000, 0x000001ea91bfe800, 0x000001ea91bf9800,
0x000001ea91bfc800, 0x000001ea91c00000, 0x000001ea91bfd800, 0x000001ea91bff000,
0x000001ea9198e000, 0x000001ea9198f000, 0x000001ea91999800, 0x000001ea91998800,
0x000001ea9199b000
}

Java Threads: ( => current thread )
  0x000001eaf453d800 JavaThread "main" [_thread_blocked, id=9960, stack(0x000000b9e4300000,0x000000b9e4400000)]
  0x000001eaff887800 JavaThread "Reference Handler" daemon [_thread_blocked, id=17736, stack(0x000000b9e4a00000,0x000000b9e4b00000)]
  0x000001eaff88a800 JavaThread "Finalizer" daemon [_thread_blocked, id=15732, stack(0x000000b9e4b00000,0x000000b9e4c00000)]
  0x000001eaff8e4800 JavaThread "Signal Dispatcher" daemon [_thread_blocked, id=11936, stack(0x000000b9e4c00000,0x000000b9e4d00000)]
  0x000001eaff8e6800 JavaThread "Attach Listener" daemon [_thread_blocked, id=15720, stack(0x000000b9e4d00000,0x000000b9e4e00000)]
  0x000001eaff8eb000 JavaThread "Service Thread" daemon [_thread_blocked, id=11276, stack(0x000000b9e4e00000,0x000000b9e4f00000)]
=>0x000001eaff8ee000 JavaThread "C2 CompilerThread0" daemon [_thread_in_native, id=13632, stack(0x000000b9e4f00000,0x000000b9e5000000)]
  0x000001eaff8fb000 JavaThread "C1 CompilerThread0" daemon [_thread_blocked, id=4648, stack(0x000000b9e5000000,0x000000b9e5100000)]
  0x000001eaff900000 JavaThread "Sweeper thread" daemon [_thread_blocked, id=14704, stack(0x000000b9e5100000,0x000000b9e5200000)]
  0x000001eaffb6b800 JavaThread "Common-Cleaner" daemon [_thread_blocked, id=18224, stack(0x000000b9e5200000,0x000000b9e5300000)]
  0x000001ea908dd800 JavaThread "Daemon health stats" [_thread_blocked, id=17760, stack(0x000000b9e5500000,0x000000b9e5600000)]
  0x000001ea90efa800 JavaThread "Incoming local TCP Connector on port 49368" [_thread_in_native, id=7952, stack(0x000000b9e5600000,0x000000b9e5700000)]
  0x000001ea904df000 JavaThread "Daemon periodic checks" [_thread_blocked, id=5420, stack(0x000000b9e5700000,0x000000b9e5800000)]
  0x000001ea90cf7000 JavaThread "Cache worker for file hash cache (C:\Users\Hp\.gradle\caches\7.0.2\fileHashes)" [_thread_blocked, id=15464, stack(0x000000b9e6100000,0x000000b9e6200000)]
  0x000001ea90cf8000 JavaThread "File lock request listener" [_thread_in_native, id=15472, stack(0x000000b9e6200000,0x000000b9e6300000)]
  0x000001ea90cf8800 JavaThread "Cache worker for journal cache (C:\Users\Hp\.gradle\caches\journal-1)" [_thread_blocked, id=18220, stack(0x000000b9e6300000,0x000000b9e6400000)]
  0x000001ea90cf9800 JavaThread "File watcher server" daemon [_thread_in_native, id=14896, stack(0x000000b9e6500000,0x000000b9e6600000)]
  0x000001ea90cf4000 JavaThread "File watcher consumer" daemon [_thread_in_Java, id=14264, stack(0x000000b9e6600000,0x000000b9e6700000)]
  0x000001ea9198f800 JavaThread "Cache worker for execution history cache (C:\Users\Hp\.gradle\caches\7.0.2\executionHistory)" [_thread_blocked, id=3400, stack(0x000000b9e6a00000,0x000000b9e6b00000)]
  0x000001ea91992000 JavaThread "jar transforms" [_thread_blocked, id=8504, stack(0x000000b9e6b00000,0x000000b9e6c00000)]
  0x000001ea91993000 JavaThread "jar transforms Thread 2" [_thread_blocked, id=17576, stack(0x000000b9e6c00000,0x000000b9e6d00000)]
  0x000001ea91993800 JavaThread "Cache worker for file content cache (C:\Users\Hp\.gradle\caches\7.0.2\fileContent)" [_thread_blocked, id=10164, stack(0x000000b9e6d00000,0x000000b9e6e00000)]
  0x000001ea91990800 JavaThread "jar transforms Thread 3" [_thread_blocked, id=13704, stack(0x000000b9e6f00000,0x000000b9e7000000)]
  0x000001ea91995800 JavaThread "jar transforms Thread 4" [_thread_blocked, id=16004, stack(0x000000b9e7500000,0x000000b9e7600000)]
  0x000001ea9199c000 JavaThread "Memory manager" [_thread_blocked, id=124, stack(0x000000b9e7600000,0x000000b9e7700000)]
  0x000001ea91bfa800 JavaThread "ForkJoinPool.commonPool-worker-3" daemon [_thread_blocked, id=14824, stack(0x000000b9e8400000,0x000000b9e8500000)]
  0x000001ea91bf2000 JavaThread "Daemon Thread 6" [_thread_blocked, id=5160, stack(0x000000b9e4000000,0x000000b9e4100000)]
  0x000001ea91bf6000 JavaThread "Handler for socket connection from /127.0.0.1:49368 to /127.0.0.1:49774" [_thread_in_native, id=260, stack(0x000000b9e4100000,0x000000b9e4200000)]
  0x000001ea91bf3000 JavaThread "Cancel handler" [_thread_blocked, id=17548, stack(0x000000b9e4200000,0x000000b9e4300000)]
  0x000001ea91bf7000 JavaThread "Daemon worker Thread 6" [_thread_blocked, id=12512, stack(0x000000b9e5800000,0x000000b9e5900000)]
  0x000001ea91bf3800 JavaThread "Asynchronous log dispatcher for DefaultDaemonConnection: socket connection from /127.0.0.1:49368 to /127.0.0.1:49774" [_thread_blocked, id=10760, stack(0x000000b9e5900000,0x000000b9e5a00000)]
  0x000001ea91bf1800 JavaThread "Stdin handler" [_thread_blocked, id=18232, stack(0x000000b9e5a00000,0x000000b9e5b00000)]
  0x000001ea91bf4800 JavaThread "Daemon client event forwarder" [_thread_blocked, id=16312, stack(0x000000b9e5b00000,0x000000b9e5c00000)]
  0x000001ea91bf8800 JavaThread "Cache worker for file hash cache (C:\Users\Hp\AndroidStudioProjects\hospitalindoor\.gradle\7.0.2\fileHashes)" [_thread_blocked, id=11704, stack(0x000000b9e5c00000,0x000000b9e5d00000)]
  0x000001ea91bfb000 JavaThread "Cache worker for checksums cache (C:\Users\Hp\AndroidStudioProjects\hospitalindoor\.gradle\checksums)" [_thread_blocked, id=2300, stack(0x000000b9e5d00000,0x000000b9e5e00000)]
  0x000001ea91bf8000 JavaThread "Cache worker for cache directory md-supplier (C:\Users\Hp\.gradle\caches\7.0.2\md-supplier)" [_thread_blocked, id=12836, stack(0x000000b9e5e00000,0x000000b9e5f00000)]
  0x000001ea91bf5800 JavaThread "Cache worker for cache directory md-rule (C:\Users\Hp\.gradle\caches\7.0.2\md-rule)" [_thread_blocked, id=2208, stack(0x000000b9e6400000,0x000000b9e6500000)]
  0x000001ea91bfc000 JavaThread "Cache worker for dependencies-accessors (C:\Users\Hp\AndroidStudioProjects\hospitalindoor\.gradle\7.0.2\dependencies-accessors)" [_thread_blocked, id=9540, stack(0x000000b9e6700000,0x000000b9e6800000)]
  0x000001ea91bfe800 JavaThread "Cache worker for Build Output Cleanup Cache (C:\Users\Hp\AndroidStudioProjects\hospitalindoor\.gradle\buildOutputCleanup)" [_thread_blocked, id=15864, stack(0x000000b9e6800000,0x000000b9e6900000)]
  0x000001ea91bf9800 JavaThread "Build operations" [_thread_blocked, id=17368, stack(0x000000b9e6900000,0x000000b9e6a00000)]
  0x000001ea91bfc800 JavaThread "Build operations Thread 2" [_thread_blocked, id=6368, stack(0x000000b9e6e00000,0x000000b9e6f00000)]
  0x000001ea91c00000 JavaThread "Build operations Thread 3" [_thread_blocked, id=18164, stack(0x000000b9e7000000,0x000000b9e7100000)]
  0x000001ea91bfd800 JavaThread "Build operations Thread 4" [_thread_blocked, id=3528, stack(0x000000b9e7100000,0x000000b9e7200000)]
  0x000001ea91bff000 JavaThread "build event listener" [_thread_blocked, id=11996, stack(0x000000b9e7200000,0x000000b9e7300000)]
  0x000001ea9198e000 JavaThread "Execution worker for ':'" [_thread_blocked, id=18348, stack(0x000000b9e7300000,0x000000b9e7400000)]
  0x000001ea9198f000 JavaThread "Execution worker for ':' Thread 2" [_thread_blocked, id=7468, stack(0x000000b9e7400000,0x000000b9e7500000)]
  0x000001ea91999800 JavaThread "Execution worker for ':' Thread 3" [_thread_in_vm, id=17224, stack(0x000000b9e7700000,0x000000b9e7800000)]
  0x000001ea91998800 JavaThread "Cache worker for execution history cache (C:\Users\Hp\AndroidStudioProjects\hospitalindoor\.gradle\7.0.2\executionHistory)" [_thread_blocked, id=12464, stack(0x000000b9e7800000,0x000000b9e7900000)]
  0x000001ea9199b000 JavaThread "WorkerExecutor Queue" [_thread_blocked, id=7892, stack(0x000000b9e7900000,0x000000b9e7a00000)]

Other Threads:
  0x000001eaff881000 VMThread "VM Thread" [stack: 0x000000b9e4900000,0x000000b9e4a00000] [id=7428]
  0x000001eaffb96800 WatcherThread [stack: 0x000000b9e5300000,0x000000b9e5400000] [id=12328]
  0x000001eaf4555000 GCTaskThread "GC Thread#0" [stack: 0x000000b9e4400000,0x000000b9e4500000] [id=16820]
  0x000001ea8fe74000 GCTaskThread "GC Thread#1" [stack: 0x000000b9e5400000,0x000000b9e5500000] [id=15432]
  0x000001ea90b7e800 GCTaskThread "GC Thread#2" [stack: 0x000000b9e5f00000,0x000000b9e6000000] [id=11280]
  0x000001ea8fff2000 GCTaskThread "GC Thread#3" [stack: 0x000000b9e6000000,0x000000b9e6100000] [id=3764]
  0x000001eaf458a800 ConcurrentGCThread "G1 Main Marker" [stack: 0x000000b9e4500000,0x000000b9e4600000] [id=8628]
  0x000001eaf458b800 ConcurrentGCThread "G1 Conc#0" [stack: 0x000000b9e4600000,0x000000b9e4700000] [id=16592]
  0x000001eaf45e5800 ConcurrentGCThread "G1 Refine#0" [stack: 0x000000b9e4700000,0x000000b9e4800000] [id=2500]
  0x000001eaf45e6800 ConcurrentGCThread "G1 Young RemSet Sampling" [stack: 0x000000b9e4800000,0x000000b9e4900000] [id=2156]

Threads with active compile tasks:
C2 CompilerThread01526654 19144       4       org.gradle.internal.instantiation.generator.AbstractClassGenerator$PropertyMetadata::hasAnnotation (40 bytes)
C1 CompilerThread01526654 19145       3       org.gradle.internal.watch.vfs.impl.WatchingVirtualFileSystem::updateNotifyingListeners (47 bytes)

VM state:not at safepoint (normal execution)

VM Mutex/Monitor currently owned by a thread:  ([mutex/lock_event])
[0x000001eaf4538790] Compile_lock - owner thread: 0x000001eaff8fb000

Heap address: 0x0000000080000000, size: 2048 MB, Compressed Oops mode: 32-bit
Narrow klass base: 0x0000000000000000, Narrow klass shift: 3
Compressed class space size: 1073741824 Address: 0x0000000100000000

Heap:
 garbage-first heap   total 252928K, used 189189K [0x0000000080000000, 0x0000000100000000)
  region size 1024K, 41 young (41984K), 7 survivors (7168K)
 Metaspace       used 121357K, capacity 125024K, committed 125308K, reserved 1159168K
  class space    used 15262K, capacity 16561K, committed 16640K, reserved 1048576K
Heap Regions: E=young(eden), S=young(survivor), O=old, HS=humongous(starts), HC=humongous(continues), CS=collection set, F=free, A=archive, TAMS=top-at-mark-start (previous, next)
|   0|0x0000000080000000, 0x0000000080100000, 0x0000000080100000|100%| O|  |TAMS 0x0000000080100000, 0x0000000080100000| Untracked 
|   1|0x0000000080100000, 0x0000000080200000, 0x0000000080200000|100%| O|  |TAMS 0x0000000080200000, 0x0000000080200000| Untracked 
|   2|0x0000000080200000, 0x0000000080300000, 0x0000000080300000|100%| O|  |TAMS 0x0000000080300000, 0x0000000080300000| Untracked 
|   3|0x0000000080300000, 0x0000000080400000, 0x0000000080400000|100%|HS|  |TAMS 0x0000000080400000, 0x0000000080400000| Complete 
|   4|0x0000000080400000, 0x0000000080500000, 0x0000000080500000|100%|HC|  |TAMS 0x0000000080500000, 0x0000000080500000| Complete 
|   5|0x0000000080500000, 0x0000000080600000, 0x0000000080600000|100%|HC|  |TAMS 0x0000000080600000, 0x0000000080600000| Complete 
|   6|0x0000000080600000, 0x0000000080700000, 0x0000000080700000|100%| O|  |TAMS 0x0000000080700000, 0x0000000080700000| Untracked 
|   7|0x0000000080700000, 0x0000000080800000, 0x0000000080800000|100%| O|  |TAMS 0x0000000080800000, 0x0000000080800000| Untracked 
|   8|0x0000000080800000, 0x0000000080900000, 0x0000000080900000|100%| O|  |TAMS 0x0000000080900000, 0x0000000080900000| Untracked 
|   9|0x0000000080900000, 0x0000000080a00000, 0x0000000080a00000|100%| O|  |TAMS 0x0000000080a00000, 0x0000000080a00000| Untracked 
|  10|0x0000000080a00000, 0x0000000080b00000, 0x0000000080b00000|100%| O|  |TAMS 0x0000000080b00000, 0x0000000080b00000| Untracked 
|  11|0x0000000080b00000, 0x0000000080c00000, 0x0000000080c00000|100%| O|  |TAMS 0x0000000080c00000, 0x0000000080c00000| Untracked 
|  12|0x0000000080c00000, 0x0000000080d00000, 0x0000000080d00000|100%| O|  |TAMS 0x0000000080d00000, 0x0000000080d00000| Untracked 
|  13|0x0000000080d00000, 0x0000000080e00000, 0x0000000080e00000|100%| O|  |TAMS 0x0000000080e00000, 0x0000000080e00000| Untracked 
|  14|0x0000000080e00000, 0x0000000080f00000, 0x0000000080f00000|100%| O|  |TAMS 0x0000000080f00000, 0x0000000080f00000| Untracked 
|  15|0x0000000080f00000, 0x0000000081000000, 0x0000000081000000|100%| O|  |TAMS 0x0000000081000000, 0x0000000081000000| Untracked 
|  16|0x0000000081000000, 0x0000000081100000, 0x0000000081100000|100%| O|  |TAMS 0x0000000081100000, 0x0000000081100000| Untracked 
|  17|0x0000000081100000, 0x0000000081200000, 0x0000000081200000|100%| O|  |TAMS 0x0000000081200000, 0x0000000081200000| Untracked 
|  18|0x0000000081200000, 0x0000000081300000, 0x0000000081300000|100%| O|  |TAMS 0x0000000081300000, 0x0000000081300000| Untracked 
|  19|0x0000000081300000, 0x0000000081400000, 0x0000000081400000|100%| O|  |TAMS 0x0000000081400000, 0x0000000081400000| Untracked 
|  20|0x0000000081400000, 0x0000000081500000, 0x0000000081500000|100%| O|  |TAMS 0x0000000081500000, 0x0000000081500000| Untracked 
|  21|0x0000000081500000, 0x0000000081600000, 0x0000000081600000|100%| O|  |TAMS 0x0000000081600000, 0x0000000081600000| Untracked 
|  22|0x0000000081600000, 0x0000000081700000, 0x0000000081700000|100%| O|  |TAMS 0x0000000081700000, 0x0000000081700000| Untracked 
|  23|0x0000000081700000, 0x0000000081800000, 0x0000000081800000|100%| O|  |TAMS 0x0000000081800000, 0x0000000081800000| Untracked 
|  24|0x0000000081800000, 0x0000000081900000, 0x0000000081900000|100%| O|  |TAMS 0x0000000081900000, 0x0000000081900000| Untracked 
|  25|0x0000000081900000, 0x0000000081a00000, 0x0000000081a00000|100%| O|  |TAMS 0x0000000081a00000, 0x0000000081a00000| Untracked 
|  26|0x0000000081a00000, 0x0000000081b00000, 0x0000000081b00000|100%| O|  |TAMS 0x0000000081b00000, 0x0000000081b00000| Untracked 
|  27|0x0000000081b00000, 0x0000000081c00000, 0x0000000081c00000|100%| O|  |TAMS 0x0000000081c00000, 0x0000000081c00000| Untracked 
|  28|0x0000000081c00000, 0x0000000081d00000, 0x0000000081d00000|100%| O|  |TAMS 0x0000000081d00000, 0x0000000081d00000| Untracked 
|  29|0x0000000081d00000, 0x0000000081e00000, 0x0000000081e00000|100%| O|  |TAMS 0x0000000081e00000, 0x0000000081e00000| Untracked 
|  30|0x0000000081e00000, 0x0000000081f00000, 0x0000000081f00000|100%| O|  |TAMS 0x0000000081f00000, 0x0000000081f00000| Untracked 
|  31|0x0000000081f00000, 0x0000000082000000, 0x0000000082000000|100%|HS|  |TAMS 0x0000000082000000, 0x0000000082000000| Complete 
|  32|0x0000000082000000, 0x0000000082100000, 0x0000000082100000|100%|HS|  |TAMS 0x0000000082100000, 0x0000000082100000| Complete 
|  33|0x0000000082100000, 0x0000000082200000, 0x0000000082200000|100%| O|  |TAMS 0x0000000082200000, 0x0000000082200000| Untracked 
|  34|0x0000000082200000, 0x0000000082300000, 0x0000000082300000|100%| O|  |TAMS 0x0000000082300000, 0x0000000082300000| Untracked 
|  35|0x0000000082300000, 0x0000000082400000, 0x0000000082400000|100%|HS|  |TAMS 0x0000000082400000, 0x0000000082400000| Complete 
|  36|0x0000000082400000, 0x0000000082500000, 0x0000000082500000|100%|HC|  |TAMS 0x0000000082500000, 0x0000000082500000| Complete 
|  37|0x0000000082500000, 0x0000000082600000, 0x0000000082600000|100%| O|  |TAMS 0x0000000082600000, 0x0000000082600000| Untracked 
|  38|0x0000000082600000, 0x0000000082700000, 0x0000000082700000|100%| O|  |TAMS 0x0000000082700000, 0x0000000082700000| Untracked 
|  39|0x0000000082700000, 0x0000000082800000, 0x0000000082800000|100%| O|  |TAMS 0x0000000082800000, 0x0000000082800000| Untracked 
|  40|0x0000000082800000, 0x0000000082900000, 0x0000000082900000|100%| O|  |TAMS 0x0000000082900000, 0x0000000082900000| Untracked 
|  41|0x0000000082900000, 0x0000000082a00000, 0x0000000082a00000|100%| O|  |TAMS 0x0000000082a00000, 0x0000000082a00000| Untracked 
|  42|0x0000000082a00000, 0x0000000082b00000, 0x0000000082b00000|100%| O|  |TAMS 0x0000000082b00000, 0x0000000082b00000| Untracked 
|  43|0x0000000082b00000, 0x0000000082c00000, 0x0000000082c00000|100%| O|  |TAMS 0x0000000082c00000, 0x0000000082c00000| Untracked 
|  44|0x0000000082c00000, 0x0000000082d00000, 0x0000000082d00000|100%| O|  |TAMS 0x0000000082d00000, 0x0000000082d00000| Untracked 
|  45|0x0000000082d00000, 0x0000000082e00000, 0x0000000082e00000|100%| O|  |TAMS 0x0000000082e00000, 0x0000000082e00000| Untracked 
|  46|0x0000000082e00000, 0x0000000082f00000, 0x0000000082f00000|100%| O|  |TAMS 0x0000000082f00000, 0x0000000082f00000| Untracked 
|  47|0x0000000082f00000, 0x0000000083000000, 0x0000000083000000|100%| O|  |TAMS 0x0000000083000000, 0x0000000083000000| Untracked 
|  48|0x0000000083000000, 0x0000000083100000, 0x0000000083100000|100%| O|  |TAMS 0x0000000083100000, 0x0000000083100000| Untracked 
|  49|0x0000000083100000, 0x0000000083200000, 0x0000000083200000|100%| O|  |TAMS 0x0000000083200000, 0x0000000083200000| Untracked 
|  50|0x0000000083200000, 0x0000000083300000, 0x0000000083300000|100%| O|  |TAMS 0x0000000083300000, 0x0000000083300000| Untracked 
|  51|0x0000000083300000, 0x0000000083400000, 0x0000000083400000|100%| O|  |TAMS 0x0000000083400000, 0x0000000083400000| Untracked 
|  52|0x0000000083400000, 0x0000000083500000, 0x0000000083500000|100%| O|  |TAMS 0x0000000083500000, 0x0000000083500000| Untracked 
|  53|0x0000000083500000, 0x0000000083600000, 0x0000000083600000|100%| O|  |TAMS 0x0000000083600000, 0x0000000083600000| Untracked 
|  54|0x0000000083600000, 0x0000000083700000, 0x0000000083700000|100%| O|  |TAMS 0x0000000083700000, 0x0000000083700000| Untracked 
|  55|0x0000000083700000, 0x0000000083800000, 0x0000000083800000|100%| O|  |TAMS 0x0000000083800000, 0x0000000083800000| Untracked 
|  56|0x0000000083800000, 0x0000000083900000, 0x0000000083900000|100%| O|  |TAMS 0x0000000083900000, 0x0000000083900000| Untracked 
|  57|0x0000000083900000, 0x0000000083a00000, 0x0000000083a00000|100%| O|  |TAMS 0x0000000083a00000, 0x0000000083a00000| Untracked 
|  58|0x0000000083a00000, 0x0000000083b00000, 0x0000000083b00000|100%| O|  |TAMS 0x0000000083b00000, 0x0000000083b00000| Untracked 
|  59|0x0000000083b00000, 0x0000000083c00000, 0x0000000083c00000|100%| O|  |TAMS 0x0000000083c00000, 0x0000000083c00000| Untracked 
|  60|0x0000000083c00000, 0x0000000083d00000, 0x0000000083d00000|100%| O|  |TAMS 0x0000000083d00000, 0x0000000083d00000| Untracked 
|  61|0x0000000083d00000, 0x0000000083e00000, 0x0000000083e00000|100%| O|  |TAMS 0x0000000083e00000, 0x0000000083e00000| Untracked 
|  62|0x0000000083e00000, 0x0000000083f00000, 0x0000000083f00000|100%| O|  |TAMS 0x0000000083f00000, 0x0000000083f00000| Untracked 
|  63|0x0000000083f00000, 0x0000000084000000, 0x0000000084000000|100%| O|  |TAMS 0x0000000084000000, 0x0000000084000000| Untracked 
|  64|0x0000000084000000, 0x0000000084100000, 0x0000000084100000|100%| O|  |TAMS 0x0000000084100000, 0x0000000084100000| Untracked 
|  65|0x0000000084100000, 0x0000000084200000, 0x0000000084200000|100%| O|  |TAMS 0x0000000084200000, 0x0000000084200000| Untracked 
|  66|0x0000000084200000, 0x0000000084300000, 0x0000000084300000|100%| O|  |TAMS 0x0000000084300000, 0x0000000084300000| Untracked 
|  67|0x0000000084300000, 0x0000000084400000, 0x0000000084400000|100%|HS|  |TAMS 0x0000000084400000, 0x0000000084400000| Complete 
|  68|0x0000000084400000, 0x0000000084500000, 0x0000000084500000|100%|HC|  |TAMS 0x0000000084500000, 0x0000000084500000| Complete 
|  69|0x0000000084500000, 0x0000000084600000, 0x0000000084600000|100%| O|  |TAMS 0x0000000084600000, 0x0000000084600000| Untracked 
|  70|0x0000000084600000, 0x0000000084700000, 0x0000000084700000|100%| O|  |TAMS 0x0000000084700000, 0x0000000084700000| Untracked 
|  71|0x0000000084700000, 0x0000000084800000, 0x0000000084800000|100%| O|  |TAMS 0x0000000084800000, 0x0000000084800000| Untracked 
|  72|0x0000000084800000, 0x0000000084900000, 0x0000000084900000|100%| O|  |TAMS 0x0000000084800000, 0x0000000084900000| Untracked 
|  73|0x0000000084900000, 0x0000000084a00000, 0x0000000084a00000|100%| O|  |TAMS 0x0000000084a00000, 0x0000000084a00000| Untracked 
|  74|0x0000000084a00000, 0x0000000084b00000, 0x0000000084b00000|100%| O|  |TAMS 0x0000000084b00000, 0x0000000084b00000| Untracked 
|  75|0x0000000084b00000, 0x0000000084c00000, 0x0000000084c00000|100%| O|  |TAMS 0x0000000084c00000, 0x0000000084c00000| Untracked 
|  76|0x0000000084c00000, 0x0000000084d00000, 0x0000000084d00000|100%| O|  |TAMS 0x0000000084d00000, 0x0000000084d00000| Untracked 
|  77|0x0000000084d00000, 0x0000000084e00000, 0x0000000084e00000|100%| O|  |TAMS 0x0000000084e00000, 0x0000000084e00000| Untracked 
|  78|0x0000000084e00000, 0x0000000084f00000, 0x0000000084f00000|100%| O|  |TAMS 0x0000000084f00000, 0x0000000084f00000| Untracked 
|  79|0x0000000084f00000, 0x0000000085000000, 0x0000000085000000|100%|HS|  |TAMS 0x0000000085000000, 0x0000000085000000| Complete 
|  80|0x0000000085000000, 0x0000000085100000, 0x0000000085100000|100%|HC|  |TAMS 0x0000000085100000, 0x0000000085100000| Complete 
|  81|0x0000000085100000, 0x0000000085200000, 0x0000000085200000|100%|HC|  |TAMS 0x0000000085200000, 0x0000000085200000| Complete 
|  82|0x0000000085200000, 0x0000000085300000, 0x0000000085300000|100%| O|  |TAMS 0x0000000085300000, 0x0000000085300000| Untracked 
|  83|0x0000000085300000, 0x0000000085400000, 0x0000000085400000|100%| O|  |TAMS 0x0000000085400000, 0x0000000085400000| Untracked 
|  84|0x0000000085400000, 0x0000000085500000, 0x0000000085500000|100%| O|  |TAMS 0x0000000085500000, 0x0000000085500000| Untracked 
|  85|0x0000000085500000, 0x0000000085600000, 0x0000000085600000|100%| O|  |TAMS 0x0000000085600000, 0x0000000085600000| Untracked 
|  86|0x0000000085600000, 0x0000000085700000, 0x0000000085700000|100%| O|  |TAMS 0x0000000085700000, 0x0000000085700000| Untracked 
|  87|0x0000000085700000, 0x0000000085800000, 0x0000000085800000|100%| O|  |TAMS 0x0000000085700000, 0x0000000085800000| Untracked 
|  88|0x0000000085800000, 0x0000000085900000, 0x0000000085900000|100%|HS|  |TAMS 0x0000000085900000, 0x0000000085900000| Complete 
|  89|0x0000000085900000, 0x0000000085a00000, 0x0000000085a00000|100%|HC|  |TAMS 0x0000000085a00000, 0x0000000085a00000| Complete 
|  90|0x0000000085a00000, 0x0000000085b00000, 0x0000000085b00000|100%|HC|  |TAMS 0x0000000085b00000, 0x0000000085b00000| Complete 
|  91|0x0000000085b00000, 0x0000000085c00000, 0x0000000085c00000|100%|HC|  |TAMS 0x0000000085c00000, 0x0000000085c00000| Complete 
|  92|0x0000000085c00000, 0x0000000085d00000, 0x0000000085d00000|100%|HC|  |TAMS 0x0000000085d00000, 0x0000000085d00000| Complete 
|  93|0x0000000085d00000, 0x0000000085e00000, 0x0000000085e00000|100%|HS|  |TAMS 0x0000000085e00000, 0x0000000085e00000| Complete 
|  94|0x0000000085e00000, 0x0000000085f00000, 0x0000000085f00000|100%|HC|  |TAMS 0x0000000085f00000, 0x0000000085f00000| Complete 
|  95|0x0000000085f00000, 0x0000000086000000, 0x0000000086000000|100%|HC|  |TAMS 0x0000000086000000, 0x0000000086000000| Complete 
|  96|0x0000000086000000, 0x0000000086100000, 0x0000000086100000|100%|HC|  |TAMS 0x0000000086100000, 0x0000000086100000| Complete 
|  97|0x0000000086100000, 0x0000000086200000, 0x0000000086200000|100%|HC|  |TAMS 0x0000000086200000, 0x0000000086200000| Complete 
|  98|0x0000000086200000, 0x0000000086300000, 0x0000000086300000|100%| O|  |TAMS 0x0000000086300000, 0x0000000086300000| Untracked 
|  99|0x0000000086300000, 0x0000000086400000, 0x0000000086400000|100%| O|  |TAMS 0x0000000086400000, 0x0000000086400000| Untracked 
| 100|0x0000000086400000, 0x0000000086500000, 0x0000000086500000|100%|HS|  |TAMS 0x0000000086500000, 0x0000000086500000| Complete 
| 101|0x0000000086500000, 0x0000000086600000, 0x0000000086600000|100%|HC|  |TAMS 0x0000000086600000, 0x0000000086600000| Complete 
| 102|0x0000000086600000, 0x0000000086700000, 0x0000000086700000|100%|HC|  |TAMS 0x0000000086700000, 0x0000000086700000| Complete 
| 103|0x0000000086700000, 0x0000000086800000, 0x0000000086800000|100%| O|  |TAMS 0x0000000086800000, 0x0000000086800000| Untracked 
| 104|0x0000000086800000, 0x0000000086900000, 0x0000000086900000|100%| O|  |TAMS 0x0000000086900000, 0x0000000086900000| Untracked 
| 105|0x0000000086900000, 0x0000000086a00000, 0x0000000086a00000|100%| O|  |TAMS 0x0000000086a00000, 0x0000000086a00000| Untracked 
| 106|0x0000000086a00000, 0x0000000086b00000, 0x0000000086b00000|100%| O|  |TAMS 0x0000000086b00000, 0x0000000086b00000| Untracked 
| 107|0x0000000086b00000, 0x0000000086c00000, 0x0000000086c00000|100%| O|  |TAMS 0x0000000086b00000, 0x0000000086c00000| Untracked 
| 108|0x0000000086c00000, 0x0000000086d00000, 0x0000000086d00000|100%| O|  |TAMS 0x0000000086d00000, 0x0000000086d00000| Untracked 
| 109|0x0000000086d00000, 0x0000000086e00000, 0x0000000086e00000|100%| O|  |TAMS 0x0000000086e00000, 0x0000000086e00000| Untracked 
| 110|0x0000000086e00000, 0x0000000086f00000, 0x0000000086f00000|100%| O|  |TAMS 0x0000000086f00000, 0x0000000086f00000| Untracked 
| 111|0x0000000086f00000, 0x0000000087000000, 0x0000000087000000|100%| O|  |TAMS 0x0000000087000000, 0x0000000087000000| Untracked 
| 112|0x0000000087000000, 0x0000000087100000, 0x0000000087100000|100%| O|  |TAMS 0x0000000087000000, 0x0000000087100000| Untracked 
| 113|0x0000000087100000, 0x0000000087200000, 0x0000000087200000|100%| O|  |TAMS 0x0000000087200000, 0x0000000087200000| Untracked 
| 114|0x0000000087200000, 0x0000000087300000, 0x0000000087300000|100%| O|  |TAMS 0x0000000087200000, 0x0000000087300000| Untracked 
| 115|0x0000000087300000, 0x0000000087400000, 0x0000000087400000|100%| O|  |TAMS 0x0000000087400000, 0x0000000087400000| Untracked 
| 116|0x0000000087400000, 0x0000000087500000, 0x0000000087500000|100%| O|  |TAMS 0x00000000874ce400, 0x0000000087500000| Untracked 
| 117|0x0000000087500000, 0x0000000087600000, 0x0000000087600000|100%| O|  |TAMS 0x0000000087500000, 0x0000000087600000| Untracked 
| 118|0x0000000087600000, 0x0000000087700000, 0x0000000087700000|100%| O|  |TAMS 0x0000000087600000, 0x0000000087700000| Untracked 
| 119|0x0000000087700000, 0x0000000087800000, 0x0000000087800000|100%| O|  |TAMS 0x0000000087700000, 0x0000000087800000| Untracked 
| 120|0x0000000087800000, 0x0000000087900000, 0x0000000087900000|100%| O|  |TAMS 0x0000000087800000, 0x0000000087900000| Untracked 
| 121|0x0000000087900000, 0x0000000087a00000, 0x0000000087a00000|100%| O|  |TAMS 0x0000000087900000, 0x0000000087a00000| Untracked 
| 122|0x0000000087a00000, 0x0000000087b00000, 0x0000000087b00000|100%| O|  |TAMS 0x0000000087b00000, 0x0000000087b00000| Untracked 
| 123|0x0000000087b00000, 0x0000000087c00000, 0x0000000087c00000|100%| O|  |TAMS 0x0000000087c00000, 0x0000000087c00000| Untracked 
| 124|0x0000000087c00000, 0x0000000087d00000, 0x0000000087d00000|100%| O|  |TAMS 0x0000000087d00000, 0x0000000087d00000| Untracked 
| 125|0x0000000087d00000, 0x0000000087e00000, 0x0000000087e00000|100%| O|  |TAMS 0x0000000087e00000, 0x0000000087e00000| Untracked 
| 126|0x0000000087e00000, 0x0000000087f00000, 0x0000000087f00000|100%| O|  |TAMS 0x0000000087f00000, 0x0000000087f00000| Untracked 
| 127|0x0000000087f00000, 0x0000000088000000, 0x0000000088000000|100%| O|  |TAMS 0x0000000088000000, 0x0000000088000000| Untracked 
| 128|0x0000000088000000, 0x0000000088100000, 0x0000000088100000|100%| O|  |TAMS 0x0000000088100000, 0x0000000088100000| Untracked 
| 129|0x0000000088100000, 0x0000000088200000, 0x0000000088200000|100%| O|  |TAMS 0x0000000088200000, 0x0000000088200000| Untracked 
| 130|0x0000000088200000, 0x0000000088300000, 0x0000000088300000|100%| O|  |TAMS 0x0000000088300000, 0x0000000088300000| Untracked 
| 131|0x0000000088300000, 0x0000000088400000, 0x0000000088400000|100%| O|  |TAMS 0x0000000088400000, 0x0000000088400000| Untracked 
| 132|0x0000000088400000, 0x0000000088500000, 0x0000000088500000|100%| O|  |TAMS 0x0000000088400000, 0x0000000088500000| Untracked 
| 133|0x0000000088500000, 0x0000000088600000, 0x0000000088600000|100%| O|  |TAMS 0x0000000088500000, 0x0000000088600000| Untracked 
| 134|0x0000000088600000, 0x0000000088700000, 0x0000000088700000|100%| O|  |TAMS 0x0000000088600000, 0x0000000088700000| Untracked 
| 135|0x0000000088700000, 0x0000000088800000, 0x0000000088800000|100%| O|  |TAMS 0x0000000088700000, 0x0000000088800000| Untracked 
| 136|0x0000000088800000, 0x0000000088900000, 0x0000000088900000|100%| O|  |TAMS 0x0000000088800000, 0x0000000088900000| Untracked 
| 137|0x0000000088900000, 0x0000000088a00000, 0x0000000088a00000|100%| O|  |TAMS 0x0000000088900000, 0x0000000088a00000| Untracked 
| 138|0x0000000088a00000, 0x0000000088b00000, 0x0000000088b00000|100%| O|  |TAMS 0x0000000088a00000, 0x0000000088b00000| Untracked 
| 139|0x0000000088b00000, 0x0000000088c00000, 0x0000000088c00000|100%| O|  |TAMS 0x0000000088b00000, 0x0000000088c00000| Untracked 
| 140|0x0000000088c00000, 0x0000000088d00000, 0x0000000088d00000|100%| O|  |TAMS 0x0000000088c00000, 0x0000000088d00000| Untracked 
| 141|0x0000000088d00000, 0x0000000088dc1400, 0x0000000088e00000| 75%| O|  |TAMS 0x0000000088d00000, 0x0000000088dc1400| Untracked 
| 142|0x0000000088e00000, 0x0000000088f00000, 0x0000000088f00000|100%|HS|  |TAMS 0x0000000088e00000, 0x0000000088e00000| Complete 
| 143|0x0000000088f00000, 0x0000000089000000, 0x0000000089000000|100%|HS|  |TAMS 0x0000000088f00000, 0x0000000088f00000| Complete 
| 144|0x0000000089000000, 0x0000000089100000, 0x0000000089100000|100%|HS|  |TAMS 0x0000000089000000, 0x0000000089000000| Complete 
| 145|0x0000000089100000, 0x0000000089100000, 0x0000000089200000|  0%| F|  |TAMS 0x0000000089100000, 0x0000000089100000| Untracked 
| 146|0x0000000089200000, 0x0000000089200000, 0x0000000089300000|  0%| F|  |TAMS 0x0000000089200000, 0x0000000089200000| Untracked 
| 147|0x0000000089300000, 0x0000000089300000, 0x0000000089400000|  0%| F|  |TAMS 0x0000000089300000, 0x0000000089300000| Untracked 
| 148|0x0000000089400000, 0x0000000089400000, 0x0000000089500000|  0%| F|  |TAMS 0x0000000089400000, 0x0000000089400000| Untracked 
| 149|0x0000000089500000, 0x0000000089500000, 0x0000000089600000|  0%| F|  |TAMS 0x0000000089500000, 0x0000000089500000| Untracked 
| 150|0x0000000089600000, 0x0000000089600000, 0x0000000089700000|  0%| F|  |TAMS 0x0000000089600000, 0x0000000089600000| Untracked 
| 151|0x0000000089700000, 0x0000000089700000, 0x0000000089800000|  0%| F|  |TAMS 0x0000000089700000, 0x0000000089700000| Untracked 
| 152|0x0000000089800000, 0x0000000089800000, 0x0000000089900000|  0%| F|  |TAMS 0x0000000089800000, 0x0000000089800000| Untracked 
| 153|0x0000000089900000, 0x0000000089900000, 0x0000000089a00000|  0%| F|  |TAMS 0x0000000089900000, 0x0000000089900000| Untracked 
| 154|0x0000000089a00000, 0x0000000089a00000, 0x0000000089b00000|  0%| F|  |TAMS 0x0000000089a00000, 0x0000000089a00000| Untracked 
| 155|0x0000000089b00000, 0x0000000089b00000, 0x0000000089c00000|  0%| F|  |TAMS 0x0000000089b00000, 0x0000000089b00000| Untracked 
| 156|0x0000000089c00000, 0x0000000089c00000, 0x0000000089d00000|  0%| F|  |TAMS 0x0000000089c00000, 0x0000000089c00000| Untracked 
| 157|0x0000000089d00000, 0x0000000089d00000, 0x0000000089e00000|  0%| F|  |TAMS 0x0000000089d00000, 0x0000000089d00000| Untracked 
| 158|0x0000000089e00000, 0x0000000089e00000, 0x0000000089f00000|  0%| F|  |TAMS 0x0000000089e00000, 0x0000000089e00000| Untracked 
| 159|0x0000000089f00000, 0x0000000089f00000, 0x000000008a000000|  0%| F|  |TAMS 0x0000000089f00000, 0x0000000089f00000| Untracked 
| 160|0x000000008a000000, 0x000000008a000000, 0x000000008a100000|  0%| F|  |TAMS 0x000000008a000000, 0x000000008a000000| Untracked 
| 161|0x000000008a100000, 0x000000008a100000, 0x000000008a200000|  0%| F|  |TAMS 0x000000008a100000, 0x000000008a100000| Untracked 
| 162|0x000000008a200000, 0x000000008a200000, 0x000000008a300000|  0%| F|  |TAMS 0x000000008a200000, 0x000000008a200000| Untracked 
| 163|0x000000008a300000, 0x000000008a300000, 0x000000008a400000|  0%| F|  |TAMS 0x000000008a300000, 0x000000008a300000| Untracked 
| 164|0x000000008a400000, 0x000000008a400000, 0x000000008a500000|  0%| F|  |TAMS 0x000000008a400000, 0x000000008a400000| Untracked 
| 165|0x000000008a500000, 0x000000008a500000, 0x000000008a600000|  0%| F|  |TAMS 0x000000008a500000, 0x000000008a500000| Untracked 
| 166|0x000000008a600000, 0x000000008a600000, 0x000000008a700000|  0%| F|  |TAMS 0x000000008a600000, 0x000000008a600000| Untracked 
| 167|0x000000008a700000, 0x000000008a700000, 0x000000008a800000|  0%| F|  |TAMS 0x000000008a700000, 0x000000008a700000| Untracked 
| 168|0x000000008a800000, 0x000000008a800000, 0x000000008a900000|  0%| F|  |TAMS 0x000000008a800000, 0x000000008a800000| Untracked 
| 169|0x000000008a900000, 0x000000008a900000, 0x000000008aa00000|  0%| F|  |TAMS 0x000000008a900000, 0x000000008a900000| Untracked 
| 170|0x000000008aa00000, 0x000000008aa00000, 0x000000008ab00000|  0%| F|  |TAMS 0x000000008aa00000, 0x000000008aa00000| Untracked 
| 171|0x000000008ab00000, 0x000000008ab00000, 0x000000008ac00000|  0%| F|  |TAMS 0x000000008ab00000, 0x000000008ab00000| Untracked 
| 172|0x000000008ac00000, 0x000000008ac00000, 0x000000008ad00000|  0%| F|  |TAMS 0x000000008ac00000, 0x000000008ac00000| Untracked 
| 173|0x000000008ad00000, 0x000000008ad00000, 0x000000008ae00000|  0%| F|  |TAMS 0x000000008ad00000, 0x000000008ad00000| Untracked 
| 174|0x000000008ae00000, 0x000000008ae00000, 0x000000008af00000|  0%| F|  |TAMS 0x000000008ae00000, 0x000000008ae00000| Untracked 
| 175|0x000000008af00000, 0x000000008af00000, 0x000000008b000000|  0%| F|  |TAMS 0x000000008af00000, 0x000000008af00000| Untracked 
| 176|0x000000008b000000, 0x000000008b000000, 0x000000008b100000|  0%| F|  |TAMS 0x000000008b000000, 0x000000008b000000| Untracked 
| 177|0x000000008b100000, 0x000000008b100000, 0x000000008b200000|  0%| F|  |TAMS 0x000000008b100000, 0x000000008b100000| Untracked 
| 178|0x000000008b200000, 0x000000008b200000, 0x000000008b300000|  0%| F|  |TAMS 0x000000008b200000, 0x000000008b200000| Untracked 
| 179|0x000000008b300000, 0x000000008b300000, 0x000000008b400000|  0%| F|  |TAMS 0x000000008b300000, 0x000000008b300000| Untracked 
| 180|0x000000008b400000, 0x000000008b400000, 0x000000008b500000|  0%| F|  |TAMS 0x000000008b400000, 0x000000008b400000| Untracked 
| 181|0x000000008b500000, 0x000000008b500000, 0x000000008b600000|  0%| F|  |TAMS 0x000000008b500000, 0x000000008b500000| Untracked 
| 182|0x000000008b600000, 0x000000008b600000, 0x000000008b700000|  0%| F|  |TAMS 0x000000008b600000, 0x000000008b600000| Untracked 
| 183|0x000000008b700000, 0x000000008b700000, 0x000000008b800000|  0%| F|  |TAMS 0x000000008b700000, 0x000000008b700000| Untracked 
| 184|0x000000008b800000, 0x000000008b800000, 0x000000008b900000|  0%| F|  |TAMS 0x000000008b800000, 0x000000008b800000| Untracked 
| 185|0x000000008b900000, 0x000000008b900000, 0x000000008ba00000|  0%| F|  |TAMS 0x000000008b900000, 0x000000008b900000| Untracked 
| 186|0x000000008ba00000, 0x000000008ba00000, 0x000000008bb00000|  0%| F|  |TAMS 0x000000008ba00000, 0x000000008ba00000| Untracked 
| 187|0x000000008bb00000, 0x000000008bb00000, 0x000000008bc00000|  0%| F|  |TAMS 0x000000008bb00000, 0x000000008bb00000| Untracked 
| 188|0x000000008bc00000, 0x000000008bc00000, 0x000000008bd00000|  0%| F|  |TAMS 0x000000008bc00000, 0x000000008bc00000| Untracked 
| 189|0x000000008bd00000, 0x000000008bd00000, 0x000000008be00000|  0%| F|  |TAMS 0x000000008bd00000, 0x000000008bd00000| Untracked 
| 190|0x000000008be00000, 0x000000008be00000, 0x000000008bf00000|  0%| F|  |TAMS 0x000000008be00000, 0x000000008be00000| Untracked 
| 191|0x000000008bf00000, 0x000000008bf00000, 0x000000008c000000|  0%| F|  |TAMS 0x000000008bf00000, 0x000000008bf00000| Untracked 
| 192|0x000000008c000000, 0x000000008c000000, 0x000000008c100000|  0%| F|  |TAMS 0x000000008c000000, 0x000000008c000000| Untracked 
| 193|0x000000008c100000, 0x000000008c100000, 0x000000008c200000|  0%| F|  |TAMS 0x000000008c100000, 0x000000008c100000| Untracked 
| 194|0x000000008c200000, 0x000000008c200000, 0x000000008c300000|  0%| F|  |TAMS 0x000000008c200000, 0x000000008c200000| Untracked 
| 195|0x000000008c300000, 0x000000008c300000, 0x000000008c400000|  0%| F|  |TAMS 0x000000008c300000, 0x000000008c300000| Untracked 
| 196|0x000000008c400000, 0x000000008c400000, 0x000000008c500000|  0%| F|  |TAMS 0x000000008c400000, 0x000000008c400000| Untracked 
| 197|0x000000008c500000, 0x000000008c500000, 0x000000008c600000|  0%| F|  |TAMS 0x000000008c500000, 0x000000008c500000| Untracked 
| 198|0x000000008c600000, 0x000000008c600000, 0x000000008c700000|  0%| F|  |TAMS 0x000000008c600000, 0x000000008c600000| Untracked 
| 199|0x000000008c700000, 0x000000008c700000, 0x000000008c800000|  0%| F|  |TAMS 0x000000008c700000, 0x000000008c700000| Untracked 
| 200|0x000000008c800000, 0x000000008c900000, 0x000000008c900000|100%| S|CS|TAMS 0x000000008c800000, 0x000000008c800000| Complete 
| 201|0x000000008c900000, 0x000000008ca00000, 0x000000008ca00000|100%| S|CS|TAMS 0x000000008c900000, 0x000000008c900000| Complete 
| 202|0x000000008ca00000, 0x000000008cb00000, 0x000000008cb00000|100%| S|CS|TAMS 0x000000008ca00000, 0x000000008ca00000| Complete 
| 203|0x000000008cb00000, 0x000000008cc00000, 0x000000008cc00000|100%| S|CS|TAMS 0x000000008cb00000, 0x000000008cb00000| Complete 
| 204|0x000000008cc00000, 0x000000008cd00000, 0x000000008cd00000|100%| S|CS|TAMS 0x000000008cc00000, 0x000000008cc00000| Complete 
| 205|0x000000008cd00000, 0x000000008ce00000, 0x000000008ce00000|100%| S|CS|TAMS 0x000000008cd00000, 0x000000008cd00000| Complete 
| 206|0x000000008ce00000, 0x000000008cf00000, 0x000000008cf00000|100%| S|CS|TAMS 0x000000008ce00000, 0x000000008ce00000| Complete 
| 207|0x000000008cf00000, 0x000000008cf00000, 0x000000008d000000|  0%| F|  |TAMS 0x000000008cf00000, 0x000000008cf00000| Untracked 
| 208|0x000000008d000000, 0x000000008d000000, 0x000000008d100000|  0%| F|  |TAMS 0x000000008d000000, 0x000000008d000000| Untracked 
| 209|0x000000008d100000, 0x000000008d100000, 0x000000008d200000|  0%| F|  |TAMS 0x000000008d100000, 0x000000008d100000| Untracked 
| 210|0x000000008d200000, 0x000000008d200000, 0x000000008d300000|  0%| F|  |TAMS 0x000000008d200000, 0x000000008d200000| Untracked 
| 211|0x000000008d300000, 0x000000008d300000, 0x000000008d400000|  0%| F|  |TAMS 0x000000008d300000, 0x000000008d300000| Untracked 
| 212|0x000000008d400000, 0x000000008d400000, 0x000000008d500000|  0%| F|  |TAMS 0x000000008d400000, 0x000000008d400000| Untracked 
| 213|0x000000008d500000, 0x000000008d588fb8, 0x000000008d600000| 53%| E|  |TAMS 0x000000008d500000, 0x000000008d500000| Complete 
| 214|0x000000008d600000, 0x000000008d700000, 0x000000008d700000|100%| E|CS|TAMS 0x000000008d600000, 0x000000008d600000| Complete 
| 215|0x000000008d700000, 0x000000008d800000, 0x000000008d800000|100%| E|CS|TAMS 0x000000008d700000, 0x000000008d700000| Complete 
| 216|0x000000008d800000, 0x000000008d900000, 0x000000008d900000|100%| E|CS|TAMS 0x000000008d800000, 0x000000008d800000| Complete 
| 217|0x000000008d900000, 0x000000008da00000, 0x000000008da00000|100%| E|CS|TAMS 0x000000008d900000, 0x000000008d900000| Complete 
| 218|0x000000008da00000, 0x000000008db00000, 0x000000008db00000|100%| E|CS|TAMS 0x000000008da00000, 0x000000008da00000| Complete 
| 219|0x000000008db00000, 0x000000008dc00000, 0x000000008dc00000|100%| E|CS|TAMS 0x000000008db00000, 0x000000008db00000| Complete 
| 220|0x000000008dc00000, 0x000000008dd00000, 0x000000008dd00000|100%| E|CS|TAMS 0x000000008dc00000, 0x000000008dc00000| Complete 
| 221|0x000000008dd00000, 0x000000008de00000, 0x000000008de00000|100%| E|CS|TAMS 0x000000008dd00000, 0x000000008dd00000| Complete 
| 222|0x000000008de00000, 0x000000008df00000, 0x000000008df00000|100%| E|CS|TAMS 0x000000008de00000, 0x000000008de00000| Complete 
| 223|0x000000008df00000, 0x000000008e000000, 0x000000008e000000|100%| E|CS|TAMS 0x000000008df00000, 0x000000008df00000| Complete 
| 224|0x000000008e000000, 0x000000008e100000, 0x000000008e100000|100%| E|CS|TAMS 0x000000008e000000, 0x000000008e000000| Complete 
| 225|0x000000008e100000, 0x000000008e200000, 0x000000008e200000|100%| E|CS|TAMS 0x000000008e100000, 0x000000008e100000| Complete 
| 226|0x000000008e200000, 0x000000008e300000, 0x000000008e300000|100%| E|CS|TAMS 0x000000008e200000, 0x000000008e200000| Complete 
| 227|0x000000008e300000, 0x000000008e400000, 0x000000008e400000|100%| E|CS|TAMS 0x000000008e300000, 0x000000008e300000| Complete 
| 228|0x000000008e400000, 0x000000008e500000, 0x000000008e500000|100%| E|CS|TAMS 0x000000008e400000, 0x000000008e400000| Complete 
| 229|0x000000008e500000, 0x000000008e600000, 0x000000008e600000|100%| E|CS|TAMS 0x000000008e500000, 0x000000008e500000| Complete 
| 230|0x000000008e600000, 0x000000008e700000, 0x000000008e700000|100%| E|CS|TAMS 0x000000008e600000, 0x000000008e600000| Complete 
| 231|0x000000008e700000, 0x000000008e800000, 0x000000008e800000|100%| E|CS|TAMS 0x000000008e700000, 0x000000008e700000| Complete 
| 232|0x000000008e800000, 0x000000008e900000, 0x000000008e900000|100%| E|CS|TAMS 0x000000008e800000, 0x000000008e800000| Complete 
| 233|0x000000008e900000, 0x000000008ea00000, 0x000000008ea00000|100%| E|CS|TAMS 0x000000008e900000, 0x000000008e900000| Complete 
| 234|0x000000008ea00000, 0x000000008eb00000, 0x000000008eb00000|100%| E|CS|TAMS 0x000000008ea00000, 0x000000008ea00000| Complete 
| 235|0x000000008eb00000, 0x000000008ec00000, 0x000000008ec00000|100%| E|CS|TAMS 0x000000008eb00000, 0x000000008eb00000| Complete 
| 236|0x000000008ec00000, 0x000000008ed00000, 0x000000008ed00000|100%| E|CS|TAMS 0x000000008ec00000, 0x000000008ec00000| Complete 
| 237|0x000000008ed00000, 0x000000008ee00000, 0x000000008ee00000|100%| E|CS|TAMS 0x000000008ed00000, 0x000000008ed00000| Complete 
| 238|0x000000008ee00000, 0x000000008ef00000, 0x000000008ef00000|100%| E|CS|TAMS 0x000000008ee00000, 0x000000008ee00000| Complete 
| 239|0x000000008ef00000, 0x000000008f000000, 0x000000008f000000|100%| E|CS|TAMS 0x000000008ef00000, 0x000000008ef00000| Complete 
| 240|0x000000008f000000, 0x000000008f100000, 0x000000008f100000|100%| E|CS|TAMS 0x000000008f000000, 0x000000008f000000| Complete 
| 241|0x000000008f100000, 0x000000008f200000, 0x000000008f200000|100%| E|CS|TAMS 0x000000008f100000, 0x000000008f100000| Complete 
| 242|0x000000008f200000, 0x000000008f300000, 0x000000008f300000|100%| E|CS|TAMS 0x000000008f200000, 0x000000008f200000| Complete 
| 243|0x000000008f300000, 0x000000008f400000, 0x000000008f400000|100%| E|CS|TAMS 0x000000008f300000, 0x000000008f300000| Complete 
| 244|0x000000008f400000, 0x000000008f500000, 0x000000008f500000|100%| E|CS|TAMS 0x000000008f400000, 0x000000008f400000| Complete 
| 245|0x000000008f500000, 0x000000008f600000, 0x000000008f600000|100%| E|CS|TAMS 0x000000008f500000, 0x000000008f500000| Complete 
| 246|0x000000008f600000, 0x000000008f700000, 0x000000008f700000|100%| E|CS|TAMS 0x000000008f600000, 0x000000008f600000| Complete 

Card table byte_map: [0x000001eaf8a70000,0x000001eaf8e70000] _byte_map_base: 0x000001eaf8670000

Marking Bits (Prev, Next): (CMBitMap*) 0x000001eaf45817a0, (CMBitMap*) 0x000001eaf4581768
 Prev Bits: [0x000001eafb270000, 0x000001eafd270000)
 Next Bits: [0x000001eaf9270000, 0x000001eafb270000)

Polling page: 0x000001eaf2ef0000

Metaspace:

Usage:
  Non-class:    105.93 MB capacity,   103.61 MB ( 98%) used,     1.95 MB (  2%) free+waste,   375.19 KB ( <1%) overhead. 
      Class:     16.17 MB capacity,    14.90 MB ( 92%) used,     1.10 MB (  7%) free+waste,   170.63 KB (  1%) overhead. 
       Both:    122.10 MB capacity,   118.52 MB ( 97%) used,     3.05 MB (  2%) free+waste,   545.81 KB ( <1%) overhead. 

Virtual space:
  Non-class space:      108.00 MB reserved,     106.12 MB ( 98%) committed 
      Class space:        1.00 GB reserved,      16.25 MB (  2%) committed 
             Both:        1.11 GB reserved,     122.37 MB ( 11%) committed 

Chunk freelists:
   Non-Class:  8.00 KB
       Class:  46.00 KB
        Both:  54.00 KB

MaxMetaspaceSize: 17179869184.00 GB
CompressedClassSpaceSize: 1.00 GB

CodeHeap 'non-profiled nmethods': size=120064Kb used=12136Kb max_used=12136Kb free=107927Kb
 bounds [0x000001ea87ac0000, 0x000001ea886b0000, 0x000001ea8f000000]
CodeHeap 'profiled nmethods': size=120000Kb used=39364Kb max_used=40650Kb free=80635Kb
 bounds [0x000001ea80590000, 0x000001ea82d60000, 0x000001ea87ac0000]
CodeHeap 'non-nmethods': size=5696Kb used=2371Kb max_used=2429Kb free=3324Kb
 bounds [0x000001ea80000000, 0x000001ea80270000, 0x000001ea80590000]
 total_blobs=18835 nmethods=17837 adapters=908
 compilation: enabled
              stopped_count=0, restarted_count=0
 full_count=0

Compilation events (20 events):
Event: 1523.851 Thread 0x000001eaff8fb000 nmethod 19129 0x000001ea80823590 code [0x000001ea80823780, 0x000001ea80823b88]
Event: 1523.863 Thread 0x000001eaff8ee000 19130       4       com.google.common.collect.LinkedListMultimap$1ValuesImpl$1::transform (9 bytes)
Event: 1523.864 Thread 0x000001eaff8ee000 nmethod 19130 0x000001ea87c1ea90 code [0x000001ea87c1ec20, 0x000001ea87c1ecb8]
Event: 1523.883 Thread 0x000001eaff8fb000 19131       3       com.android.ide.common.resources.configuration.FolderConfiguration::getVersionQualifier (11 bytes)
Event: 1523.883 Thread 0x000001eaff8fb000 nmethod 19131 0x000001ea8081df90 code [0x000001ea8081e140, 0x000001ea8081e358]
Event: 1523.893 Thread 0x000001eaff8fb000 19132       1       com.android.ide.common.resources.ResourceFile::getFolderConfiguration (5 bytes)
Event: 1523.894 Thread 0x000001eaff8fb000 nmethod 19132 0x000001ea87c2aa90 code [0x000001ea87c2ac40, 0x000001ea87c2acf8]
Event: 1523.991 Thread 0x000001eaff8ee000 19133 % !   4       com.android.ide.common.resources.DataMerger::mergeData @ 247 (611 bytes)
Event: 1523.992 Thread 0x000001eaff8fb000 19134       3       com.google.common.collect.ArrayListMultimap::createCollection (5 bytes)
Event: 1523.992 Thread 0x000001eaff8fb000 nmethod 19134 0x000001ea807fd810 code [0x000001ea807fd9e0, 0x000001ea807fdbc8]
Event: 1525.426 Thread 0x000001eaff8ee000 nmethod 19133% 0x000001ea88696310 code [0x000001ea886968e0, 0x000001ea8869ea40]
Event: 1525.427 Thread 0x000001eaff8ee000 19141       4       com.google.common.collect.LinkedListMultimap::get (10 bytes)
Event: 1525.428 Thread 0x000001eaff8ee000 nmethod 19141 0x000001ea87c39910 code [0x000001ea87c39aa0, 0x000001ea87c39b98]
Event: 1525.428 Thread 0x000001eaff8ee000 19135       4       com.google.common.collect.ArrayListMultimap::put (7 bytes)
Event: 1525.476 Thread 0x000001eaff8ee000 nmethod 19135 0x000001ea87fe1510 code [0x000001ea87fe1720, 0x000001ea87fe2778]
Event: 1525.476 Thread 0x000001eaff8ee000 19136       4       com.google.common.collect.AbstractMapBasedMultimap::put (92 bytes)
Event: 1525.503 Thread 0x000001eaff8ee000 nmethod 19136 0x000001ea886a2d90 code [0x000001ea886a2fa0, 0x000001ea886a3ff8]
Event: 1525.991 Thread 0x000001eaff8ee000 19143       4       org.objectweb.asm.MethodWriter::visitFieldInsn (258 bytes)
Event: 1526.017 Thread 0x000001eaff8ee000 nmethod 19143 0x000001ea87d8d810 code [0x000001ea87d8da00, 0x000001ea87d8df28]
Event: 1526.031 Thread 0x000001eaff8ee000 19144       4       org.gradle.internal.instantiation.generator.AbstractClassGenerator$PropertyMetadata::hasAnnotation (40 bytes)

GC Heap History (20 events):
Event: 1125.678 GC heap before
{Heap before GC invocations=99 (full 0):
 garbage-first heap   total 184320K, used 157885K [0x0000000080000000, 0x0000000100000000)
  region size 1024K, 32 young (32768K), 1 survivors (1024K)
 Metaspace       used 120340K, capacity 123995K, committed 124284K, reserved 1157120K
  class space    used 15217K, capacity 16502K, committed 16640K, reserved 1048576K
}
Event: 1125.680 GC heap after
{Heap after GC invocations=100 (full 0):
 garbage-first heap   total 184320K, used 126385K [0x0000000080000000, 0x0000000100000000)
  region size 1024K, 1 young (1024K), 1 survivors (1024K)
 Metaspace       used 120340K, capacity 123995K, committed 124284K, reserved 1157120K
  class space    used 15217K, capacity 16502K, committed 16640K, reserved 1048576K
}
Event: 1125.806 GC heap before
{Heap before GC invocations=100 (full 0):
 garbage-first heap   total 184320K, used 159153K [0x0000000080000000, 0x0000000100000000)
  region size 1024K, 33 young (33792K), 1 survivors (1024K)
 Metaspace       used 120344K, capacity 123995K, committed 124284K, reserved 1157120K
  class space    used 15217K, capacity 16502K, committed 16640K, reserved 1048576K
}
Event: 1125.842 GC heap after
{Heap after GC invocations=101 (full 0):
 garbage-first heap   total 184320K, used 129345K [0x0000000080000000, 0x0000000100000000)
  region size 1024K, 4 young (4096K), 4 survivors (4096K)
 Metaspace       used 120344K, capacity 123995K, committed 124284K, reserved 1157120K
  class space    used 15217K, capacity 16502K, committed 16640K, reserved 1048576K
}
Event: 1125.952 GC heap before
{Heap before GC invocations=101 (full 0):
 garbage-first heap   total 184320K, used 160065K [0x0000000080000000, 0x0000000100000000)
  region size 1024K, 33 young (33792K), 4 survivors (4096K)
 Metaspace       used 120350K, capacity 123995K, committed 124284K, reserved 1157120K
  class space    used 15217K, capacity 16502K, committed 16640K, reserved 1048576K
}
Event: 1125.988 GC heap after
{Heap after GC invocations=102 (full 0):
 garbage-first heap   total 184320K, used 128482K [0x0000000080000000, 0x0000000100000000)
  region size 1024K, 2 young (2048K), 2 survivors (2048K)
 Metaspace       used 120350K, capacity 123995K, committed 124284K, reserved 1157120K
  class space    used 15217K, capacity 16502K, committed 16640K, reserved 1048576K
}
Event: 1126.085 GC heap before
{Heap before GC invocations=102 (full 0):
 garbage-first heap   total 184320K, used 159202K [0x0000000080000000, 0x0000000100000000)
  region size 1024K, 32 young (32768K), 2 survivors (2048K)
 Metaspace       used 120354K, capacity 123995K, committed 124284K, reserved 1157120K
  class space    used 15217K, capacity 16502K, committed 16640K, reserved 1048576K
}
Event: 1126.086 GC heap after
{Heap after GC invocations=103 (full 0):
 garbage-first heap   total 184320K, used 128558K [0x0000000080000000, 0x0000000100000000)
  region size 1024K, 2 young (2048K), 2 survivors (2048K)
 Metaspace       used 120354K, capacity 123995K, committed 124284K, reserved 1157120K
  class space    used 15217K, capacity 16502K, committed 16640K, reserved 1048576K
}
Event: 1126.246 GC heap before
{Heap before GC invocations=104 (full 0):
 garbage-first heap   total 184320K, used 159278K [0x0000000080000000, 0x0000000100000000)
  region size 1024K, 32 young (32768K), 2 survivors (2048K)
 Metaspace       used 120384K, capacity 124059K, committed 124284K, reserved 1157120K
  class space    used 15217K, capacity 16502K, committed 16640K, reserved 1048576K
}
Event: 1126.249 GC heap after
{Heap after GC invocations=105 (full 0):
 garbage-first heap   total 184320K, used 129847K [0x0000000080000000, 0x0000000100000000)
  region size 1024K, 4 young (4096K), 4 survivors (4096K)
 Metaspace       used 120384K, capacity 124059K, committed 124284K, reserved 1157120K
  class space    used 15217K, capacity 16502K, committed 16640K, reserved 1048576K
}
Event: 1126.293 GC heap before
{Heap before GC invocations=105 (full 0):
 garbage-first heap   total 184320K, used 134967K [0x0000000080000000, 0x0000000100000000)
  region size 1024K, 9 young (9216K), 4 survivors (4096K)
 Metaspace       used 120417K, capacity 124142K, committed 124540K, reserved 1157120K
  class space    used 15219K, capacity 16505K, committed 16640K, reserved 1048576K
}
Event: 1126.299 GC heap after
{Heap after GC invocations=106 (full 0):
 garbage-first heap   total 184320K, used 129445K [0x0000000080000000, 0x0000000100000000)
  region size 1024K, 1 young (1024K), 1 survivors (1024K)
 Metaspace       used 120417K, capacity 124142K, committed 124540K, reserved 1157120K
  class space    used 15219K, capacity 16505K, committed 16640K, reserved 1048576K
}
Event: 1505.892 GC heap before
{Heap before GC invocations=106 (full 0):
 garbage-first heap   total 184320K, used 158117K [0x0000000080000000, 0x0000000100000000)
  region size 1024K, 30 young (30720K), 1 survivors (1024K)
 Metaspace       used 120638K, capacity 124223K, committed 124540K, reserved 1157120K
  class space    used 15220K, capacity 16507K, committed 16640K, reserved 1048576K
}
Event: 1506.255 GC heap after
{Heap after GC invocations=107 (full 0):
 garbage-first heap   total 252928K, used 131234K [0x0000000080000000, 0x0000000100000000)
  region size 1024K, 3 young (3072K), 3 survivors (3072K)
 Metaspace       used 120638K, capacity 124223K, committed 124540K, reserved 1157120K
  class space    used 15220K, capacity 16507K, committed 16640K, reserved 1048576K
}
Event: 1511.719 GC heap before
{Heap before GC invocations=108 (full 0):
 garbage-first heap   total 252928K, used 175266K [0x0000000080000000, 0x0000000100000000)
  region size 1024K, 48 young (49152K), 3 survivors (3072K)
 Metaspace       used 120869K, capacity 124502K, committed 124796K, reserved 1157120K
  class space    used 15236K, capacity 16521K, committed 16640K, reserved 1048576K
}
Event: 1511.835 GC heap after
{Heap after GC invocations=109 (full 0):
 garbage-first heap   total 252928K, used 139487K [0x0000000080000000, 0x0000000100000000)
  region size 1024K, 6 young (6144K), 6 survivors (6144K)
 Metaspace       used 120869K, capacity 124502K, committed 124796K, reserved 1157120K
  class space    used 15236K, capacity 16521K, committed 16640K, reserved 1048576K
}
Event: 1511.892 GC heap before
{Heap before GC invocations=109 (full 0):
 garbage-first heap   total 252928K, used 144607K [0x0000000080000000, 0x0000000100000000)
  region size 1024K, 12 young (12288K), 6 survivors (6144K)
 Metaspace       used 120873K, capacity 124502K, committed 124796K, reserved 1157120K
  class space    used 15236K, capacity 16521K, committed 16640K, reserved 1048576K
}
Event: 1511.955 GC heap after
{Heap after GC invocations=110 (full 0):
 garbage-first heap   total 252928K, used 143584K [0x0000000080000000, 0x0000000100000000)
  region size 1024K, 2 young (2048K), 2 survivors (2048K)
 Metaspace       used 120873K, capacity 124502K, committed 124796K, reserved 1157120K
  class space    used 15236K, capacity 16521K, committed 16640K, reserved 1048576K
}
Event: 1518.798 GC heap before
{Heap before GC invocations=110 (full 0):
 garbage-first heap   total 252928K, used 180448K [0x0000000080000000, 0x0000000100000000)
  region size 1024K, 40 young (40960K), 2 survivors (2048K)
 Metaspace       used 121227K, capacity 124933K, committed 125052K, reserved 1157120K
  class space    used 15254K, capacity 16556K, committed 16640K, reserved 1048576K
}
Event: 1519.099 GC heap after
{Heap after GC invocations=111 (full 0):
 garbage-first heap   total 252928K, used 152325K [0x0000000080000000, 0x0000000100000000)
  region size 1024K, 7 young (7168K), 7 survivors (7168K)
 Metaspace       used 121227K, capacity 124933K, committed 125052K, reserved 1157120K
  class space    used 15254K, capacity 16556K, committed 16640K, reserved 1048576K
}

Deoptimization events (20 events):
Event: 1521.803 Thread 0x000001ea91999800 Uncommon trap: trap_request=0xffffff4d fr.pc=0x000001ea87bfe718 relative=0x0000000000000078
Event: 1521.803 Thread 0x000001ea91999800 Uncommon trap: reason=unstable_if action=reinterpret pc=0x000001ea87bfe718 method=com.google.common.collect.LinkedListMultimap$DistinctKeyIterator.hasNext()Z @ 8 c2
Event: 1521.803 Thread 0x000001ea91999800 DEOPT PACKING pc=0x000001ea87bfe718 sp=0x000000b9e77fa5a0
Event: 1521.805 Thread 0x000001ea91999800 DEOPT UNPACKING pc=0x000001ea800278af sp=0x000000b9e77fa538 mode 2
Event: 1521.953 Thread 0x000001ea91999800 Uncommon trap: trap_request=0xffffff4d fr.pc=0x000001ea88513398 relative=0x0000000000000078
Event: 1521.954 Thread 0x000001ea91999800 Uncommon trap: reason=unstable_if action=reinterpret pc=0x000001ea88513398 method=com.sun.org.apache.xerces.internal.impl.XMLEntityScanner.checkBeforeLoad(Lcom/sun/xml/internal/stream/Entity$ScannedEntity;II)I @ 18 c2
Event: 1521.954 Thread 0x000001ea91999800 DEOPT PACKING pc=0x000001ea88513398 sp=0x000000b9e77f9bb0
Event: 1521.954 Thread 0x000001ea91999800 DEOPT UNPACKING pc=0x000001ea800278af sp=0x000000b9e77f9b20 mode 2
Event: 1522.514 Thread 0x000001ea91999800 Uncommon trap: trap_request=0xffffff4d fr.pc=0x000001ea88642aa0 relative=0x0000000000000240
Event: 1522.514 Thread 0x000001ea91999800 Uncommon trap: reason=unstable_if action=reinterpret pc=0x000001ea88642aa0 method=org.apache.xerces.impl.XMLEntityScanner.skipString(Ljava/lang/String;)Z @ 65 c2
Event: 1522.514 Thread 0x000001ea91999800 DEOPT PACKING pc=0x000001ea88642aa0 sp=0x000000b9e77f9bc0
Event: 1522.514 Thread 0x000001ea91999800 DEOPT UNPACKING pc=0x000001ea800278af sp=0x000000b9e77f9b80 mode 2
Event: 1522.514 Thread 0x000001ea91999800 Uncommon trap: trap_request=0xffffff4d fr.pc=0x000001ea87b3fa5c relative=0x000000000000099c
Event: 1522.514 Thread 0x000001ea91999800 Uncommon trap: reason=unstable_if action=reinterpret pc=0x000001ea87b3fa5c method=com.android.utils.PositionXmlParser$DomBuilder.findOpeningTag(Lcom/android/utils/PositionXmlParser$Position;)Lcom/android/utils/PositionXmlParser$Position; @ 81 c2
Event: 1522.514 Thread 0x000001ea91999800 DEOPT PACKING pc=0x000001ea87b3fa5c sp=0x000000b9e77f9970
Event: 1522.514 Thread 0x000001ea91999800 DEOPT UNPACKING pc=0x000001ea800278af sp=0x000000b9e77f98e8 mode 2
Event: 1522.664 Thread 0x000001ea91999800 Uncommon trap: trap_request=0xffffff4d fr.pc=0x000001ea87cae2dc relative=0x000000000000023c
Event: 1522.664 Thread 0x000001ea91999800 Uncommon trap: reason=unstable_if action=reinterpret pc=0x000001ea87cae2dc method=com.google.common.collect.LinkedListMultimap$DistinctKeyIterator.next()Ljava/lang/Object; @ 51 c2
Event: 1522.664 Thread 0x000001ea91999800 DEOPT PACKING pc=0x000001ea87cae2dc sp=0x000000b9e77fa570
Event: 1522.664 Thread 0x000001ea91999800 DEOPT UNPACKING pc=0x000001ea800278af sp=0x000000b9e77fa538 mode 2

Classes redefined (0 events):
No events

Internal exceptions (20 events):
Event: 1115.397 Thread 0x000001ea91998000 Implicit null exception at 0x000001ea883da238 to 0x000001ea883da7b3
Event: 1115.577 Thread 0x000001ea91998000 Exception <a 'sun/nio/fs/WindowsException'{0x000000008ab49130}> (0x000000008ab49130) thrown at [./src/hotspot/share/prims/jni.cpp, line 615]
Event: 1115.665 Thread 0x000001ea91998000 Exception <a 'sun/nio/fs/WindowsException'{0x000000008abeac58}> (0x000000008abeac58) thrown at [./src/hotspot/share/prims/jni.cpp, line 615]
Event: 1115.666 Thread 0x000001ea91998000 Exception <a 'sun/nio/fs/WindowsException'{0x000000008abebfc8}> (0x000000008abebfc8) thrown at [./src/hotspot/share/prims/jni.cpp, line 615]
Event: 1115.666 Thread 0x000001ea91998000 Exception <a 'sun/nio/fs/WindowsException'{0x000000008abed5d8}> (0x000000008abed5d8) thrown at [./src/hotspot/share/prims/jni.cpp, line 615]
Event: 1115.666 Thread 0x000001ea91998000 Exception <a 'sun/nio/fs/WindowsException'{0x000000008abee998}> (0x000000008abee998) thrown at [./src/hotspot/share/prims/jni.cpp, line 615]
Event: 1115.718 Thread 0x000001ea91998000 Exception <a 'java/lang/reflect/InvocationTargetException'{0x000000008a97a248}> (0x000000008a97a248) thrown at [./src/hotspot/share/runtime/reflection.cpp, line 1247]
Event: 1118.394 Thread 0x000001ea91998000 Implicit null exception at 0x000001ea883bc144 to 0x000001ea883bd844
Event: 1120.948 Thread 0x000001ea91bf5800 Exception <a 'sun/nio/fs/WindowsException'{0x000000008af64eb0}> (0x000000008af64eb0) thrown at [./src/hotspot/share/prims/jni.cpp, line 615]
Event: 1124.736 Thread 0x000001ea91998000 Exception <a 'sun/nio/fs/WindowsException'{0x000000008a9d6ab0}> (0x000000008a9d6ab0) thrown at [./src/hotspot/share/prims/jni.cpp, line 615]
Event: 1126.153 Thread 0x000001ea91bf5800 Exception <a 'sun/nio/fs/WindowsException'{0x0000000089cd73b0}> (0x0000000089cd73b0) thrown at [./src/hotspot/share/prims/jni.cpp, line 615]
Event: 1507.782 Thread 0x000001ea91bf7000 Exception <a 'sun/nio/fs/WindowsException'{0x000000008ecf1ad0}> (0x000000008ecf1ad0) thrown at [./src/hotspot/share/prims/jni.cpp, line 615]
Event: 1508.253 Thread 0x000001ea91bf7000 Exception <a 'java/lang/NoClassDefFoundError'{0x000000008e9d2688}: org/jetbrains/kotlin/gradle/plugin/KotlinBasePluginWrapper> (0x000000008e9d2688) thrown at [./src/hotspot/share/oops/constantPool.cpp, line 775]
Event: 1508.437 Thread 0x000001ea91bf7000 Exception <a 'sun/nio/fs/WindowsException'{0x000000008e8942c0}> (0x000000008e8942c0) thrown at [./src/hotspot/share/prims/jni.cpp, line 615]
Event: 1508.682 Thread 0x000001ea91bf7000 Exception <a 'sun/nio/fs/WindowsException'{0x000000008e73b398}> (0x000000008e73b398) thrown at [./src/hotspot/share/prims/jni.cpp, line 615]
Event: 1508.685 Thread 0x000001ea91bf7000 Exception <a 'sun/nio/fs/WindowsException'{0x000000008e73c460}> (0x000000008e73c460) thrown at [./src/hotspot/share/prims/jni.cpp, line 615]
Event: 1508.685 Thread 0x000001ea91bf7000 Exception <a 'sun/nio/fs/WindowsException'{0x000000008e73d578}> (0x000000008e73d578) thrown at [./src/hotspot/share/prims/jni.cpp, line 615]
Event: 1508.685 Thread 0x000001ea91bf7000 Exception <a 'sun/nio/fs/WindowsException'{0x000000008e73e690}> (0x000000008e73e690) thrown at [./src/hotspot/share/prims/jni.cpp, line 615]
Event: 1511.066 Thread 0x000001ea91bf7000 Exception <a 'java/lang/NoSuchMethodError'{0x000000008dadeec8}: <clinit>> (0x000000008dadeec8) thrown at [./src/hotspot/share/prims/jni.cpp, line 1362]
Event: 1526.335 Thread 0x000001ea91999800 Exception <a 'java/lang/NoSuchMethodError'{0x000000008d6fa7d0}: <clinit>> (0x000000008d6fa7d0) thrown at [./src/hotspot/share/prims/jni.cpp, line 1362]

Events (20 events):
Event: 1513.521 loading class org/apache/xerces/parsers/AbstractSAXParser$LocatorProxy
Event: 1513.521 loading class org/apache/xerces/parsers/AbstractSAXParser$LocatorProxy done
Event: 1513.527 loading class com/android/utils/PositionXmlParser$Position
Event: 1513.527 loading class com/android/utils/PositionXmlParser$Position done
Event: 1518.794 Executing VM operation: G1CollectForAllocation
Event: 1519.099 Executing VM operation: G1CollectForAllocation done
Event: 1522.829 loading class com/android/ide/common/resources/ResourceMerger
Event: 1522.829 loading class com/android/ide/common/resources/ResourceMerger done
Event: 1523.001 loading class com/android/ide/common/resources/ResourceMerger
Event: 1523.001 loading class com/android/ide/common/resources/ResourceMerger done
Event: 1524.144 loading class com/android/ide/common/resources/MergedResourceWriter$FileGenerationParameters
Event: 1524.144 loading class com/android/ide/common/resources/MergedResourceWriter$FileGenerationParameters done
Event: 1524.554 loading class com/android/ide/common/resources/MergedResourceWriter$FileGenerationWorkAction
Event: 1524.554 loading class com/android/ide/common/resources/MergedResourceWriter$FileGenerationWorkAction done
Event: 1524.729 loading class com/android/build/gradle/internal/tasks/Workers$RunnableWrapperWorkAction
Event: 1524.729 loading class com/android/build/gradle/internal/tasks/Workers$RunnableWrapperWorkAction done
Event: 1524.776 loading class com/android/build/gradle/internal/tasks/Workers$WorkerExecutorAdapter$submit$1
Event: 1524.776 loading class com/android/build/gradle/internal/tasks/Workers$WorkerExecutorAdapter$submit$1 done
Event: 1525.491 loading class com/android/build/gradle/internal/tasks/Workers$RunnableWrapperParams
Event: 1525.491 loading class com/android/build/gradle/internal/tasks/Workers$RunnableWrapperParams done


Dynamic libraries:
0x00007ff7b96f0000 - 0x00007ff7b96fa000 	C:\Program Files\Android\Android Studio\jre\bin\java.exe
0x00007ff8cf610000 - 0x00007ff8cf805000 	C:\WINDOWS\SYSTEM32\ntdll.dll
0x00007ff8ce590000 - 0x00007ff8ce64e000 	C:\WINDOWS\System32\KERNEL32.DLL
0x00007ff8cd360000 - 0x00007ff8cd628000 	C:\WINDOWS\System32\KERNELBASE.dll
0x00007ff8ccef0000 - 0x00007ff8ccff0000 	C:\WINDOWS\System32\ucrtbase.dll
0x00007ff8995d0000 - 0x00007ff8995e9000 	C:\Program Files\Android\Android Studio\jre\bin\jli.dll
0x00007ff899100000 - 0x00007ff899117000 	C:\Program Files\Android\Android Studio\jre\bin\VCRUNTIME140.dll
0x00007ff8cf380000 - 0x00007ff8cf520000 	C:\WINDOWS\System32\USER32.dll
0x00007ff8cd630000 - 0x00007ff8cd652000 	C:\WINDOWS\System32\win32u.dll
0x00007ff8cda90000 - 0x00007ff8cdabb000 	C:\WINDOWS\System32\GDI32.dll
0x00007ff8ccff0000 - 0x00007ff8cd0fd000 	C:\WINDOWS\System32\gdi32full.dll
0x00007ff8b69f0000 - 0x00007ff8b6c8a000 	C:\WINDOWS\WinSxS\amd64_microsoft.windows.common-controls_6595b64144ccf1df_6.0.19041.1110_none_60b5254171f9507e\COMCTL32.dll
0x00007ff8cd210000 - 0x00007ff8cd2ad000 	C:\WINDOWS\System32\msvcp_win.dll
0x00007ff8cd9f0000 - 0x00007ff8cda8e000 	C:\WINDOWS\System32\msvcrt.dll
0x00007ff8cd700000 - 0x00007ff8cd730000 	C:\WINDOWS\System32\IMM32.DLL
0x00007ff8433e0000 - 0x00007ff84347d000 	C:\Program Files\Android\Android Studio\jre\bin\msvcp140.dll
0x00007ff869470000 - 0x00007ff869f3f000 	C:\Program Files\Android\Android Studio\jre\bin\server\jvm.dll
0x00007ff8cf520000 - 0x00007ff8cf5ce000 	C:\WINDOWS\System32\ADVAPI32.dll
0x00007ff8ceb40000 - 0x00007ff8cebdc000 	C:\WINDOWS\System32\sechost.dll
0x00007ff8cebe0000 - 0x00007ff8ced05000 	C:\WINDOWS\System32\RPCRT4.dll
0x00007ff8cd6f0000 - 0x00007ff8cd6f8000 	C:\WINDOWS\System32\PSAPI.DLL
0x00007ff8ad990000 - 0x00007ff8ad999000 	C:\WINDOWS\SYSTEM32\WSOCK32.dll
0x00007ff8cdac0000 - 0x00007ff8cdb2b000 	C:\WINDOWS\System32\WS2_32.dll
0x00007ff8befd0000 - 0x00007ff8beff7000 	C:\WINDOWS\SYSTEM32\WINMM.dll
0x00007ff8c6280000 - 0x00007ff8c628a000 	C:\WINDOWS\SYSTEM32\VERSION.dll
0x00007ff8cb5f0000 - 0x00007ff8cb602000 	C:\WINDOWS\SYSTEM32\kernel.appcore.dll
0x00007ff8b9500000 - 0x00007ff8b9511000 	C:\Program Files\Android\Android Studio\jre\bin\verify.dll
0x00007ff8caac0000 - 0x00007ff8caca4000 	C:\WINDOWS\SYSTEM32\DBGHELP.DLL
0x00007ff8c3de0000 - 0x00007ff8c3e0c000 	C:\WINDOWS\SYSTEM32\dbgcore.DLL
0x00007ff8cd100000 - 0x00007ff8cd182000 	C:\WINDOWS\System32\bcryptPrimitives.dll
0x00007ff8b8830000 - 0x00007ff8b8859000 	C:\Program Files\Android\Android Studio\jre\bin\java.dll
0x00007ff8c65b0000 - 0x00007ff8c65bb000 	C:\Program Files\Android\Android Studio\jre\bin\jimage.dll
0x00007ff8b8810000 - 0x00007ff8b8828000 	C:\Program Files\Android\Android Studio\jre\bin\zip.dll
0x00007ff8cdc00000 - 0x00007ff8ce344000 	C:\WINDOWS\System32\SHELL32.dll
0x00007ff8cacd0000 - 0x00007ff8cb464000 	C:\WINDOWS\SYSTEM32\windows.storage.dll
0x00007ff8cef60000 - 0x00007ff8cf2b5000 	C:\WINDOWS\System32\combase.dll
0x00007ff8cc6a0000 - 0x00007ff8cc6ce000 	C:\WINDOWS\SYSTEM32\Wldp.dll
0x00007ff8cd860000 - 0x00007ff8cd90d000 	C:\WINDOWS\System32\SHCORE.dll
0x00007ff8cee50000 - 0x00007ff8ceea5000 	C:\WINDOWS\System32\shlwapi.dll
0x00007ff8ccc60000 - 0x00007ff8ccc7f000 	C:\WINDOWS\SYSTEM32\profapi.dll
0x00007ff8b7f60000 - 0x00007ff8b7f7a000 	C:\Program Files\Android\Android Studio\jre\bin\net.dll
0x00007ff8c55a0000 - 0x00007ff8c56ac000 	C:\WINDOWS\SYSTEM32\WINHTTP.dll
0x00007ff8cc400000 - 0x00007ff8cc46a000 	C:\WINDOWS\system32\mswsock.dll
0x00007ff8b7a70000 - 0x00007ff8b7a84000 	C:\Program Files\Android\Android Studio\jre\bin\nio.dll
0x00007ff895020000 - 0x00007ff895047000 	C:\Users\Hp\.gradle\native\8bec1ad78214c89d9ad589b4d07fe93259594b29d510b10fafb7a158f7737e5d\windows-amd64\native-platform.dll
0x00007ff85c020000 - 0x00007ff85c15d000 	C:\Users\Hp\.gradle\native\53dbd7edfb1c66fb8903c78663c9afc45aea4f116125fa6feffd364cf09443e8\windows-amd64\native-platform-file-events.dll
0x00007ff8c4e40000 - 0x00007ff8c4e4a000 	C:\Program Files\Android\Android Studio\jre\bin\management.dll
0x00007ff8c4b90000 - 0x00007ff8c4b9c000 	C:\Program Files\Android\Android Studio\jre\bin\management_ext.dll
0x00007ff8cc600000 - 0x00007ff8cc618000 	C:\WINDOWS\SYSTEM32\CRYPTSP.dll
0x00007ff8cbd80000 - 0x00007ff8cbdb4000 	C:\WINDOWS\system32\rsaenh.dll
0x00007ff8cd1e0000 - 0x00007ff8cd207000 	C:\WINDOWS\System32\bcrypt.dll
0x00007ff8ccc20000 - 0x00007ff8ccc4e000 	C:\WINDOWS\SYSTEM32\USERENV.dll
0x00007ff8cc5f0000 - 0x00007ff8cc5fc000 	C:\WINDOWS\SYSTEM32\CRYPTBASE.dll
0x00007ff8cc0f0000 - 0x00007ff8cc12b000 	C:\WINDOWS\SYSTEM32\IPHLPAPI.DLL
0x00007ff8ce350000 - 0x00007ff8ce358000 	C:\WINDOWS\System32\NSI.dll
0x00007ff8c4a00000 - 0x00007ff8c4a17000 	C:\WINDOWS\SYSTEM32\dhcpcsvc6.DLL
0x00007ff8c54f0000 - 0x00007ff8c550d000 	C:\WINDOWS\SYSTEM32\dhcpcsvc.DLL
0x00007ff8cc130000 - 0x00007ff8cc1fb000 	C:\WINDOWS\SYSTEM32\DNSAPI.dll
0x00007ff8b77b0000 - 0x00007ff8b77d7000 	C:\Program Files\Android\Android Studio\jre\bin\sunec.dll
0x00007ff8b91a0000 - 0x00007ff8b91aa000 	C:\Windows\System32\rasadhlp.dll
0x00007ff8b8ae0000 - 0x00007ff8b8b5f000 	C:\WINDOWS\System32\fwpuclnt.dll
0x00007ff8cba10000 - 0x00007ff8cba43000 	C:\WINDOWS\SYSTEM32\ntmarta.dll

dbghelp: loaded successfully - version: 4.0.5 - missing functions: none
symbol engine: initialized successfully - sym options: 0x614 - pdb path: .;C:\Program Files\Android\Android Studio\jre\bin;C:\WINDOWS\SYSTEM32;C:\WINDOWS\WinSxS\amd64_microsoft.windows.common-controls_6595b64144ccf1df_6.0.19041.1110_none_60b5254171f9507e;C:\Program Files\Android\Android Studio\jre\bin\server;C:\Users\Hp\.gradle\native\8bec1ad78214c89d9ad589b4d07fe93259594b29d510b10fafb7a158f7737e5d\windows-amd64;C:\Users\Hp\.gradle\native\53dbd7edfb1c66fb8903c78663c9afc45aea4f116125fa6feffd364cf09443e8\windows-amd64

VM Arguments:
jvm_args: --add-opens=java.base/java.util=ALL-UNNAMED --add-opens=java.base/java.lang=ALL-UNNAMED --add-opens=java.base/java.lang.invoke=ALL-UNNAMED --add-opens=java.base/java.util=ALL-UNNAMED --add-opens=java.prefs/java.util.prefs=ALL-UNNAMED --add-opens=java.prefs/java.util.prefs=ALL-UNNAMED --add-opens=java.base/java.nio.charset=ALL-UNNAMED --add-opens=java.base/java.net=ALL-UNNAMED --add-opens=java.base/java.util.concurrent.atomic=ALL-UNNAMED -Xmx2048m -Dfile.encoding=UTF-8 -Duser.country=US -Duser.language=en -Duser.variant 
java_command: org.gradle.launcher.daemon.bootstrap.GradleDaemon 7.0.2
java_class_path (initial): C:\Users\Hp\.gradle\wrapper\dists\gradle-7.0.2-bin\857tjihv64xamwrf0h14cai3r\gradle-7.0.2\lib\gradle-launcher-7.0.2.jar
Launcher Type: SUN_STANDARD

[Global flags]
     intx CICompilerCount                          = 3                                         {product} {ergonomic}
     uint ConcGCThreads                            = 1                                         {product} {ergonomic}
     uint G1ConcRefinementThreads                  = 4                                         {product} {ergonomic}
   size_t G1HeapRegionSize                         = 1048576                                   {product} {ergonomic}
    uintx GCDrainStackTargetSize                   = 64                                        {product} {ergonomic}
   size_t InitialHeapSize                          = 67108864                                  {product} {ergonomic}
   size_t MarkStackSize                            = 4194304                                   {product} {ergonomic}
   size_t MaxHeapSize                              = 2147483648                                {product} {command line}
   size_t MaxNewSize                               = 1287651328                                {product} {ergonomic}
   size_t MinHeapDeltaBytes                        = 1048576                                   {product} {ergonomic}
    uintx NonNMethodCodeHeapSize                   = 5830732                                {pd product} {ergonomic}
    uintx NonProfiledCodeHeapSize                  = 122913754                              {pd product} {ergonomic}
    uintx ProfiledCodeHeapSize                     = 122913754                              {pd product} {ergonomic}
    uintx ReservedCodeCacheSize                    = 251658240                              {pd product} {ergonomic}
     bool SegmentedCodeCache                       = true                                      {product} {ergonomic}
     bool UseCompressedClassPointers               = true                                 {lp64_product} {ergonomic}
     bool UseCompressedOops                        = true                                 {lp64_product} {ergonomic}
     bool UseG1GC                                  = true                                      {product} {ergonomic}
     bool UseLargePagesIndividualAllocation        = false                                  {pd product} {ergonomic}

Logging:
Log output configuration:
 #0: stdout all=warning uptime,level,tags
 #1: stderr all=off uptime,level,tags

Environment Variables:
JAVA_HOME=C:\Program Files\Java\jdk1.8.0_311
PATH=C:\Program Files (x86)\Common Files\Oracle\Java\javapath;D:\App\db_home\bin;C:\Users\Hp\Oracle\bin;C:\WINDOWS\system32;C:\WINDOWS;C:\WINDOWS\System32\Wbem;C:\WINDOWS\System32\WindowsPowerShell\v1.0\;C:\WINDOWS\System32\OpenSSH\;C:\Program Files\Java\jdk1.8.0_311\bin;C:\Users\Hp\AppData\Local\Microsoft\WindowsApps;
USERNAME=Hp
OS=Windows_NT
PROCESSOR_IDENTIFIER=Intel64 Family 6 Model 142 Stepping 9, GenuineIntel



---------------  S Y S T E M  ---------------

OS: Windows 10 , 64 bit Build 19041 (10.0.19041.1503)
OS uptime: 6 days 1:42 hours

CPU:total 4 (initial active 4) (2 cores per cpu, 2 threads per core) family 6 model 142 stepping 9 microcode 0xb4, cmov, cx8, fxsr, mmx, sse, sse2, sse3, ssse3, sse4.1, sse4.2, popcnt, avx, avx2, aes, clmul, erms, 3dnowpref, lzcnt, ht, tsc, tscinvbit, bmi1, bmi2, adx, fma

Memory: 4k page, system-wide physical 4011M (220M free)
TotalPageFile size 16299M (AvailPageFile size 6M)
current process WorkingSet (physical memory assigned to process): 240M, peak: 410M
current process commit charge ("private bytes"): 601M, peak: 604M

vm_info: OpenJDK 64-Bit Server VM (11.0.10+0-b96-7249189) for windows-amd64 JRE (11.0.10+0-b96-7249189), built on Mar 31 2021 21:44:00 by "builder" with MS VC++ 14.0 (VS2015)

END.
